2025-01-07T00:01:17.176Z - GET /users
2025-01-07T00:01:38.657Z - POST /users
2025-01-07T00:02:29.144Z - POST /users
2025-01-07T00:02:47.308Z - POST /users
2025-01-07T00:03:03.406Z - POST /users
2025-01-07T00:04:14.431Z - POST /users
2025-01-07T00:07:02.610Z - POST /users
2025-01-07T00:07:26.339Z - DELETE /users/100d675a-d48d-40e3-a20c-118972029f221
2025-01-07T00:07:48.429Z - GET /users
2025-01-07T00:08:04.140Z - DELETE /users/100d675a-d48d-40e3-a20c-118972029f22
2025-01-07T00:08:17.740Z - GET /users
2025-01-07T00:08:23.641Z - POST /users
2025-01-07T00:08:35.393Z - DELETE /users/1
2025-01-07T00:08:44.473Z - POST /users/1
2025-01-07T00:08:51.148Z - POST /users
2025-01-07T00:11:45.221Z - GET /claims
2025-01-07T00:12:32.529Z - GET /policy
2025-01-07T00:12:39.321Z - GET /policies
2025-01-07T00:14:56.358Z - POST /policies
2025-01-07T00:18:23.240Z - POST /policies
2025-01-07T00:19:08.461Z - POST /policies
2025-01-07T00:19:12.004Z - POST /policies
2025-01-07T00:39:20.098Z - GET /users
2025-01-07T00:39:35.315Z - GET /policies
2025-01-07T00:39:35.316Z - GET /
2025-01-07T00:40:04.288Z - GET /policies
2025-01-07T00:40:04.289Z - GET /
2025-01-07T00:40:14.296Z - GET /users
2025-01-07T00:42:31.424Z - POST /login
2025-01-07T00:42:38.621Z - POST /login
2025-01-07T00:42:57.234Z - POST /login
2025-01-07T00:43:26.778Z - POST /login
2025-01-07T01:15:48.202Z - GET /users
2025-01-07T01:17:22.779Z - GET /users
2025-01-07T01:17:39.111Z - DELETE /users/1736211230023
2025-01-07T01:17:45.326Z - DELETE /users/1736211230023
2025-01-07T01:19:10.359Z - POST /login
2025-01-07T01:19:20.710Z - POST /login
2025-01-07T01:32:30.002Z - GET /users
2025-01-07T01:32:39.538Z - DELETE /users/2
2025-01-07T01:32:46.844Z - DELETE /users/1
2025-01-07T01:32:53.300Z - GET /users
2025-01-07T01:37:23.127Z - DELETE /users/2
2025-01-07T01:37:28.856Z - DELETE /users/2
2025-01-07T01:37:33.461Z - DELETE /users/1
2025-01-07T01:38:19.483Z - DELETE /users/:1
2025-01-07T01:43:01.467Z - GET /users
2025-01-07T01:43:30.193Z - GET /users
2025-01-07T01:43:36.013Z - GET /users
2025-01-07T01:45:58.149Z - GET /users
2025-01-07T01:47:24.041Z - GET /users
2025-01-07T01:47:34.471Z - DELETE /users/2
2025-01-07T04:19:29.826Z - DELETE /users
2025-01-07T04:19:34.356Z - GET /users
2025-01-07T04:19:41.023Z - GET /users/1
2025-01-07T04:19:46.883Z - DELETE /users/1
2025-01-07T04:19:58.953Z - GET /users/1
2025-01-07T04:20:04.466Z - GET /users
2025-01-07T04:21:06.478Z - DELETE /users/1
2025-01-07T04:21:12.667Z - GET /users
2025-01-07T04:22:21.075Z - POST /users
2025-01-07T04:22:31.800Z - POST /users
2025-01-07T04:22:44.245Z - POST /users
2025-01-07T04:23:09.399Z - POST /users
2025-01-07T04:29:39.087Z - POST /users
2025-01-07T04:30:44.500Z - POST /users
2025-01-07T04:32:19.843Z - POST /users
2025-01-07T04:32:30.064Z - POST /users
2025-01-07T04:33:07.567Z - DELETE /users/1
2025-01-07T04:33:14.651Z - GET /users
2025-01-07T04:34:47.389Z - POST /users
2025-01-07T04:34:48.187Z - POST /users
2025-01-07T04:34:54.053Z - GET /users
2025-01-07T04:35:01.387Z - DELETE /users/1
2025-01-07T04:35:07.368Z - GET /users
2025-01-07T04:35:30.157Z - GET /policies
2025-01-07T04:35:30.158Z - GET /
2025-01-07T04:35:39.261Z - GET /policies
2025-01-07T04:35:39.262Z - GET /
2025-01-07T04:35:45.412Z - GET /policy
2025-01-07T04:37:31.794Z - GET /policy
2025-01-07T04:37:39.778Z - GET /policies
2025-01-07T04:37:39.781Z - GET /
2025-01-07T04:37:54.943Z - GET /policies
2025-01-07T04:37:54.944Z - GET /
2025-01-07T04:38:36.164Z - GET /policies
2025-01-07T04:38:36.166Z - GET /
2025-01-07T04:59:17.659Z - POST /login
2025-01-07T05:03:09.576Z - POST /users
2025-01-07T05:03:16.037Z - POST /users
2025-01-07T05:04:01.232Z - POST /users
2025-01-07T05:04:15.632Z - POST /users
2025-01-07T05:04:16.937Z - POST /users
2025-01-07T05:04:17.821Z - POST /users
2025-01-07T05:06:09.959Z - GET /users
2025-01-07T05:06:17.342Z - GET /users
2025-01-07T05:06:22.216Z - GET /users
2025-01-07T05:07:27.768Z - GET /policies
2025-01-07T05:07:27.771Z - GET /
2025-01-07T05:53:28.928Z - GET /policies
2025-01-07T05:53:28.929Z - GET /
2025-01-07T05:53:40.465Z - GET /policies
2025-01-07T05:53:40.466Z - GET /
2025-01-07T05:56:28.305Z - GET /policies
2025-01-07T05:56:28.306Z - GET /
2025-01-07T05:58:26.414Z - POST /policies
2025-01-07T05:58:26.414Z - POST /
2025-01-07T05:58:45.480Z - POST /policies
2025-01-07T05:58:45.481Z - POST /
2025-01-07T06:02:41.953Z - POST /policies
2025-01-07T06:02:41.954Z - POST /
2025-01-07T06:02:47.478Z - GET /policies
2025-01-07T06:02:47.479Z - GET /
2025-01-07T08:41:13.342Z - GET /policies
2025-01-07T08:41:13.345Z - GET /
2025-01-07T08:41:24.325Z - GET /policies
2025-01-07T08:41:24.326Z - GET /
2025-01-07T08:41:31.142Z - POST /policies
2025-01-07T08:41:31.144Z - POST /
2025-01-07T08:46:40.686Z - POST /policies
2025-01-07T08:46:50.884Z - GET /policies
2025-01-07T08:50:36.745Z - GET /policies
2025-01-07T08:50:38.555Z - GET /policies
2025-01-07T08:50:41.919Z - GET /policies
2025-01-07T08:51:04.839Z - GET /policies
2025-01-08T01:29:05.162Z - GET /users
2025-01-08T01:30:19.929Z - POST /login
2025-01-08T01:30:39.587Z - POST /login
2025-01-08T01:30:49.487Z - POST /users
2025-01-08T01:30:58.265Z - GET /users
2025-01-08T01:31:28.397Z - GET /users
2025-01-08T01:32:19.729Z - GET /policies
2025-01-08T01:35:57.949Z - GET /policies
2025-01-08T01:38:00.649Z - GET /policy
2025-01-08T01:38:07.382Z - GET /policies
2025-01-08T01:38:50.817Z - GET /policies
2025-01-08T01:39:24.596Z - GET /policies
2025-01-08T01:40:17.393Z - POST /policies
2025-01-08T01:41:02.115Z - POST /policies
2025-01-08T01:41:35.483Z - POST /policies
2025-01-08T01:41:39.326Z - POST /policies
2025-01-08T01:42:55.172Z - POST /policies
2025-01-08T01:52:53.887Z - POST /policies
2025-01-08T01:53:00.065Z - POST /policies
2025-01-08T01:53:09.071Z - POST /policies
2025-01-08T01:53:21.302Z - POST /policies
2025-01-08T04:01:03.697Z - POST /policies
2025-01-08T04:19:10.567Z - GET /policies
2025-01-08T04:20:51.305Z - GET /policies
2025-01-08T04:21:03.422Z - POST /policies
2025-01-08T04:22:59.436Z - POST /policies
2025-01-08T04:23:31.757Z - POST /policies
2025-01-08T04:24:21.100Z - POST /policies
2025-01-08T04:24:33.776Z - DELETE /policies/1
2025-01-08T04:24:41.044Z - GET /policies
2025-01-08T04:26:28.551Z - GET /claims
2025-01-08T05:27:33.310Z - POST /claims
2025-01-08T06:38:19.287Z - POST /claims
2025-01-08T06:38:28.767Z - GET /claims
2025-01-08T07:22:10.109Z - POST /claims
2025-01-08T07:22:34.386Z - POST /policies
2025-01-08T07:22:50.065Z - POST /policies
2025-01-08T07:22:56.867Z - GET /policies
2025-01-08T07:23:14.691Z - POST /claims
2025-01-08T07:23:52.532Z - POST /claims
2025-01-08T07:26:29.380Z - POST /claims
2025-01-08T07:30:29.280Z - POST /claims
2025-01-08T07:30:44.069Z - GET /claims
2025-01-08T07:30:56.192Z - DELETE /claims/1
2025-01-08T07:31:55.449Z - PATCH /claims/1
2025-01-08T07:32:04.882Z - PATCH /claims/1
2025-01-08T07:32:13.847Z - GET /claims
2025-01-08T07:32:30.673Z - GET /claims
2025-01-08T07:43:25.594Z - PATCH /claims
2025-01-08T07:43:59.098Z - POST /claims
2025-01-08T07:44:17.333Z - PATCH /claims
2025-01-08T07:44:30.656Z - PATCH /claims
2025-01-08T07:44:47.720Z - PATCH /claims/1
2025-01-08T07:44:54.863Z - GET /claims
2025-01-08T07:45:19.884Z - PATCH /claims/1
2025-01-08T07:45:27.448Z - GET /claims
2025-01-08T07:56:34.982Z - PATCH /claims
2025-01-08T07:56:40.213Z - PATCH /claims/1
2025-01-08T07:56:51.664Z - PATCH /claims/1
2025-01-08T08:03:02.197Z - GET /profile/1
2025-01-08T08:05:11.497Z - POST /claims
2025-01-08T08:07:43.780Z - POST /claims
2025-01-08T08:08:30.964Z - POST /claims
2025-01-08T08:09:06.073Z - POST /claims
2025-01-08T08:09:36.706Z - POST /claims
2025-01-08T08:12:08.628Z - POST /claims
2025-01-08T08:13:37.621Z - POST /claims
2025-01-08T08:14:06.654Z - POST /claims
2025-01-08T08:15:06.578Z - POST /claims
2025-01-08T08:16:21.660Z - POST /claims
2025-01-08T09:03:57.053Z - POST /claims
2025-01-08T09:08:22.274Z - POST /claims
2025-01-08T09:08:35.422Z - GET /claims
2025-01-08T09:09:24.646Z - PATCH /claims/1
2025-01-08T09:29:05.675Z - GET /users
2025-01-08T09:30:58.033Z - GET /users
2025-01-08T09:31:03.994Z - GET /users
2025-01-08T09:31:06.230Z - GET /users
2025-01-08T09:31:07.864Z - GET /users
2025-01-08T09:31:08.793Z - GET /users
2025-01-08T09:31:09.842Z - GET /users
2025-01-08T09:40:56.346Z - POST /claims
2025-01-08T09:41:33.917Z - POST /claims
2025-01-08T09:41:44.569Z - GET /claims
2025-01-08T09:42:53.030Z - POST /claims
2025-01-08T10:03:50.598Z - GET /assign-policy
2025-01-08T10:31:41.711Z - GET /assign-policy
2025-01-08T10:31:49.760Z - POST /assign-policy
2025-01-08T10:39:23.203Z - POST /assign-policy
2025-01-08T10:39:58.590Z - POST /assign-policy
2025-01-08T10:40:07.513Z - POST /assign-policy
2025-01-08T10:40:57.736Z - POST /assign-policy
2025-01-08T10:41:14.964Z - POST /assign-policy
2025-01-08T10:41:30.374Z - GET /assign-policy
2025-01-08T10:42:54.082Z - POST /assign-policy
2025-01-08T10:43:02.047Z - POST /assign-policy
2025-01-08T10:43:08.313Z - GET /assign-policy
2025-01-08T10:43:14.412Z - GET /assign-policy
2025-01-08T10:43:19.361Z - POST /assign-policy
2025-01-08T10:43:26.529Z - GET /assign-policy
2025-01-08T10:46:41.919Z - DELETE /assign-policy/09b558a4-52c6-483e-a380-50ad1575288b
2025-01-08T10:47:33.301Z - DELETE /assign-policy/09b558a4-52c6-483e-a380-50ad1575288b
2025-01-08T10:47:44.373Z - GET /assign-policy
2025-01-08T10:48:45.749Z - DELETE /assign-policy/09b558a4-52c6-483e-a380-50ad1575288b
2025-01-08T10:48:52.820Z - GET /assign-policy/09b558a4-52c6-483e-a380-50ad1575288b
2025-01-08T10:48:59.702Z - GET /assign-policy
2025-01-08T10:57:19.066Z - GET /assign-policy
2025-01-08T10:57:25.413Z - POST /assign-policy
2025-01-08T10:57:40.761Z - DELETE /assign-policy/6101e86b-5b9d-463a-85ed-9b6d6b62fca8
2025-01-08T11:04:40.663Z - GET /users
2025-01-08T11:05:34.825Z - POST /users
2025-01-08T11:05:55.102Z - GET /users
2025-01-08T11:07:14.442Z - GET /users
2025-01-08T11:07:22.735Z - POST /users
2025-01-08T11:07:31.641Z - POST /users
2025-01-08T11:07:38.614Z - GET /users
2025-01-08T11:08:33.753Z - GET /users
2025-01-08T11:08:58.062Z - GET /users
2025-01-08T11:10:15.327Z - DELETE /users/5
2025-01-08T11:10:22.411Z - GET /users
2025-01-08T11:15:08.956Z - GET /users
2025-01-08T11:15:12.870Z - POST /users
2025-01-08T11:15:19.090Z - GET /users
2025-01-08T11:16:52.905Z - POST /users
2025-01-08T11:17:01.680Z - GET /users
2025-01-08T11:18:38.839Z - GET /users
2025-01-08T11:19:27.602Z - GET /users
2025-01-08T11:19:34.537Z - GET /users
2025-01-08T11:20:57.537Z - GET /users
2025-01-08T11:21:53.306Z - GET /users
2025-01-08T11:22:10.019Z - GET /users
2025-01-08T11:22:40.263Z - GET /users
2025-01-08T11:26:20.846Z - POST /users
2025-01-08T11:28:06.302Z - POST /users
2025-01-08T11:28:12.187Z - GET /users
2025-01-08T11:30:00.583Z - POST /users
2025-01-08T11:30:19.822Z - GET /users
2025-01-08T11:31:24.460Z - GET /users
2025-01-08T11:31:31.001Z - POST /users
2025-01-08T11:32:10.922Z - POST /users
2025-01-08T11:32:16.264Z - GET /users
2025-01-08T11:32:56.458Z - GET /users
2025-01-08T11:33:00.212Z - POST /users
2025-01-08T11:33:06.276Z - GET /users
2025-01-08T11:34:23.473Z - POST /users
2025-01-08T11:34:28.550Z - GET /users
2025-01-08T11:36:58.143Z - POST /users
2025-01-08T11:37:03.998Z - GET /users
2025-01-08T11:38:38.286Z - POST /users
2025-01-08T11:39:13.494Z - GET /users?email=john.doe@example.com%0A
2025-01-08T11:45:01.370Z - POST /users/
2025-01-08T11:45:05.419Z - GET /users/
2025-01-08T11:47:22.180Z - POST /users/
2025-01-08T11:47:26.240Z - GET /users/
2025-01-08T11:51:17.876Z - GET /users/
2025-01-08T11:51:27.663Z - POST /users/
2025-01-08T11:51:39.515Z - GET /users/
2025-01-08T11:52:46.339Z - POST /users/
2025-01-08T11:53:19.249Z - POST /users/
2025-01-08T11:53:31.456Z - POST /users/
2025-01-08T11:56:08.846Z - POST /users/
2025-01-08T11:56:35.717Z - GET /users/
2025-01-08T11:58:10.073Z - GET /users/
2025-01-08T11:58:15.307Z - POST /users/
2025-01-08T11:58:20.836Z - GET /users/
2025-01-08T11:58:33.672Z - POST /users/
2025-01-08T11:59:02.291Z - GET /users
2025-01-08T11:59:27.052Z - POST /users
2025-01-08T11:59:30.763Z - GET /users
2025-01-09T00:08:03.397Z - DELETE /users/1
2025-01-09T00:08:09.956Z - GET /users/1
2025-01-09T00:08:15.906Z - GET /users
2025-01-09T00:09:46.988Z - GET /users
2025-01-09T01:17:08.418Z - GET /policies
2025-01-09T01:24:39.688Z - GET /policies
2025-01-09T01:24:47.972Z - POST /policies
2025-01-09T01:24:54.788Z - GET /policies
2025-01-09T01:27:07.778Z - GET /policies
2025-01-09T01:27:26.673Z - POST /policies
2025-01-09T01:27:31.254Z - GET /policies
2025-01-09T01:27:43.180Z - GET /policies
2025-01-09T01:28:19.680Z - GET /policies
2025-01-09T01:28:25.369Z - POST /policies
2025-01-09T01:28:30.069Z - GET /policies
2025-01-09T01:28:52.109Z - POST /policies
2025-01-09T01:28:56.638Z - GET /policies
2025-01-09T01:29:39.098Z - POST /policies
2025-01-09T01:29:44.066Z - GET /policies
2025-01-09T01:30:11.530Z - POST /policies
2025-01-09T01:30:16.096Z - GET /policies
2025-01-09T01:30:49.955Z - POST /policies
2025-01-09T01:30:54.510Z - GET /policies
2025-01-09T01:32:57.412Z - POST /policies
2025-01-09T01:33:02.533Z - GET /policies
2025-01-09T01:36:44.247Z - POST /policies
2025-01-09T01:36:48.939Z - GET /policies
2025-01-09T01:37:10.994Z - DELETE /policies/B3B1D533-6C4E-411E-B5B1-3C6CC94923DB
2025-01-09T01:37:23.329Z - DELETE /policies/B3B1D533-6C4E-411E-B5B1-3C6CC94923DB
2025-01-09T01:37:34.226Z - GET /policies
2025-01-09T01:40:41.608Z - DELETE /policies/B3B1D533-6C4E-411E-B5B1-3C6CC94923DB
2025-01-09T01:40:46.606Z - GET /policies/B3B1D533-6C4E-411E-B5B1-3C6CC94923DB
2025-01-09T01:40:53.529Z - GET /policies
2025-01-09T01:45:51.713Z - GET /policies
2025-01-09T01:46:20.696Z - POST /policies
2025-01-09T01:46:25.446Z - GET /policies
2025-01-09T01:46:43.403Z - DELETE /policies/5C5DBD5D-17F3-48D0-AEEA-ECAD01F931E0?
2025-01-09T01:58:51.044Z - GET /assign-policy
2025-01-09T02:06:22.140Z - GET /assign-policy
2025-01-09T02:06:45.203Z - POST /assign-policy
2025-01-09T02:07:28.708Z - GET /assign-policy
2025-01-09T04:44:08.873Z - POST /assign-policy
2025-01-09T04:45:21.858Z - POST /assign-policy
2025-01-09T04:46:47.540Z - POST /assign-policy
2025-01-09T04:46:55.654Z - GET /assign-policy
2025-01-09T04:47:21.413Z - POST /assign-policy
2025-01-09T04:57:31.955Z - POST /assign-policy
2025-01-09T05:02:57.814Z - POST /assign-policy
2025-01-09T05:07:06.944Z - POST /assign-policy
2025-01-09T05:41:56.523Z - POST /assign-policy
2025-01-09T05:45:51.530Z - POST /assign-policy
2025-01-09T05:46:16.542Z - GET /assign-policy
2025-01-09T06:49:13.277Z - GET /assign-policy
2025-01-09T06:49:40.805Z - DELETE /assign-policy/4ecee96e-6097-4978-b7fa-fc85b9e0f7ee
2025-01-09T06:49:44.916Z - GET /assign-policy/4ecee96e-6097-4978-b7fa-fc85b9e0f7ee
2025-01-09T06:49:51.824Z - GET /assign-policy
2025-01-09T06:58:58.791Z - GET /users
2025-01-09T07:00:42.661Z - GET /policies
2025-01-09T07:08:59.959Z - POST /policies
2025-01-09T07:14:14.604Z - POST /policies
2025-01-09T07:17:30.013Z - GET /assign-policies
2025-01-09T07:17:45.280Z - GET /assign-policy
2025-01-09T07:18:07.178Z - POST /assign-policy
2025-01-09T07:20:31.411Z - POST /assign-policy
